  test.cpp
E:\Programming files\C++\Lesson\Lesson\test.cpp(68,12): warning C4244: “参数”: 从“time_t”转换到“unsigned int”，可能丢失数据
E:\Programming files\C++\Lesson\Lesson\priority_queue.hpp(99,1): warning C4267: “参数”: 从“size_t”转换到“int”，可能丢失数据
E:\Programming files\C++\Lesson\Lesson\priority_queue.hpp(97,1): message : 在编译 类 模板 成员函数“void tinystl::priority_queue<int,tinystl::vector<int>,tinystl::less<T>>::push(const T &)”时
          with
          [
              T=int
          ]
E:\Programming files\C++\Lesson\Lesson\test.cpp(89,9): message : 查看对正在编译的函数 模板 实例化“void tinystl::priority_queue<int,tinystl::vector<int>,tinystl::less<T>>::push(const T &)”的引用
          with
          [
              T=int
          ]
E:\Programming files\C++\Lesson\Lesson\test.cpp(88,31): message : 查看对正在编译的 类 模板 实例化“tinystl::priority_queue<int,tinystl::vector<int>,tinystl::less<T>>”的引用
          with
          [
              T=int
          ]
E:\Programming files\C++\Lesson\Lesson\Stack.hpp(19): warning C4172: 返回局部变量或临时变量的地址
E:\Programming files\C++\Lesson\Lesson\Queue.hpp(24): warning C4172: 返回局部变量或临时变量的地址
  Lesson.vcxproj -> E:\Programming files\C++\Lesson\x64\Debug\Lesson.exe
